Copyright 1986-2022 Xilinx, Inc. All Rights Reserved. Copyright 2022-2025 Advanced Micro Devices, Inc. All Rights Reserved.
---------------------------------------------------------------------------------------------------------------------------------------------------------
| Tool Version : Vivado v.2025.2 (win64) Build 6299465 Fri Nov 14 19:35:11 GMT 2025
| Date         : Sun Jun 21 18:50:01 2026
| Host         : Talsh running 64-bit major release  (build 9200)
| Command      : report_utilization -hierarchical -hierarchical_depth 3 -file c:/Users/talsh/.Xilinx/projects/uart/analysis/results/utilization_hier.rpt
| Design       : design_1_wrapper
| Device       : xc7a200tsbg484-1
| Speed File   : -1
| Design State : Routed
---------------------------------------------------------------------------------------------------------------------------------------------------------

Utilization Design Information

Table of Contents
-----------------
1. Utilization by Hierarchy

1. Utilization by Hierarchy
---------------------------

+--------------------------------------+---------------------------------+------------+------------+---------+------+-------+--------+--------+------------+
|               Instance               |              Module             | Total LUTs | Logic LUTs | LUTRAMs | SRLs |  FFs  | RAMB36 | RAMB18 | DSP Blocks |
+--------------------------------------+---------------------------------+------------+------------+---------+------+-------+--------+--------+------------+
| design_1_wrapper                     |                           (top) |      22511 |      19940 |    1998 |  573 | 26534 |    210 |      4 |          0 |
|   (design_1_wrapper)                 |                           (top) |          0 |          0 |       0 |    0 |     0 |      0 |      0 |          0 |
|   design_1_i                         |                        design_1 |      22511 |      19940 |    1998 |  573 | 26534 |    210 |      4 |          0 |
|     axi_dma_0                        |            design_1_axi_dma_0_0 |       1218 |       1121 |       8 |   89 |  1754 |      2 |      0 |          0 |
|       U0                             |                         axi_dma |       1218 |       1121 |       8 |   89 |  1754 |      2 |      0 |          0 |
|     axi_ethernet_0                   |       design_1_axi_ethernet_0_0 |       3180 |       2814 |     344 |   22 |  5518 |      4 |      0 |          0 |
|       inst                           |                         bd_929b |       3180 |       2814 |     344 |   22 |  5518 |      4 |      0 |          0 |
|     axi_ethernet_0_dma               |   design_1_axi_ethernet_0_dma_0 |       2193 |       2013 |      78 |  102 |  3969 |      1 |      2 |          0 |
|       U0                             |         axi_dma__parameterized1 |       2193 |       2013 |      78 |  102 |  3969 |      1 |      2 |          0 |
|     axi_smc                          |       design_1_smartconnect_0_1 |       5306 |       4370 |     902 |   34 |  6385 |      0 |      0 |          0 |
|       inst                           |                         bd_886d |       5306 |       4370 |     902 |   34 |  6385 |      0 |      0 |          0 |
|     axi_timer_0                      |          design_1_axi_timer_0_1 |        296 |        296 |       0 |    0 |   241 |      0 |      0 |          0 |
|       U0                             |                       axi_timer |        296 |        296 |       0 |    0 |   241 |      0 |      0 |          0 |
|     axi_uartlite_0                   |       design_1_axi_uartlite_0_2 |         99 |         89 |       0 |   10 |   109 |      0 |      0 |          0 |
|       U0                             |                    axi_uartlite |         99 |         89 |       0 |   10 |   109 |      0 |      0 |          0 |
|     mdm_1                            |                design_1_mdm_1_1 |         94 |         87 |       0 |    7 |   110 |      0 |      0 |          0 |
|       U0                             |                             MDM |         94 |         87 |       0 |    7 |   110 |      0 |      0 |          0 |
|     microblaze_0                     |         design_1_microblaze_0_1 |       1543 |       1342 |      96 |  105 |  1389 |     20 |      0 |          0 |
|       U0                             |                      MicroBlaze |       1543 |       1342 |      96 |  105 |  1389 |     20 |      0 |          0 |
|     microblaze_0_axi_intc_0          |           design_1_axi_intc_0_0 |        188 |        156 |      32 |    0 |   210 |      0 |      0 |          0 |
|       U0                             |                        axi_intc |        188 |        156 |      32 |    0 |   210 |      0 |      0 |          0 |
|     microblaze_0_axi_periph          |       design_1_smartconnect_0_0 |        656 |        655 |       0 |    1 |   709 |      0 |      0 |          0 |
|       inst                           |                         bd_48ac |        656 |        655 |       0 |    1 |   709 |      0 |      0 |          0 |
|     mig_7series_0                    |        design_1_mig_7series_0_1 |       6164 |       5515 |     450 |  199 |  5515 |      0 |      0 |          0 |
|       u_design_1_mig_7series_0_1_mig |    design_1_mig_7series_0_1_mig |       6164 |       5515 |     450 |  199 |  5515 |      0 |      0 |          0 |
|     tokenizer_axi_lite_0             | design_1_tokenizer_axi_lite_0_0 |       1528 |       1440 |      88 |    0 |   527 |    151 |      2 |          0 |
|       inst                           |              tokenizer_axi_lite |       1528 |       1440 |      88 |    0 |   527 |    151 |      2 |          0 |
+--------------------------------------+---------------------------------+------------+------------+---------+------+-------+--------+--------+------------+
* Note: The sum of lower-level cells may be larger than their parent cells total, due to cross-hierarchy LUT combining


